<?xml version="1.0" encoding="UTF-8"?>
<!-- Generated by org.testng.reporters.JUnitReportReporter -->
<testsuite hostname="DESKTOP-E76BCJO" failures="0" tests="2" name="com.TestNG.Testng_Basics" time="0.025" errors="0" timestamp="03 Jul 2019 16:43:49 GMT" skipped="0">
  <testcase classname="com.TestNG.Testng_Basics" name="test_02" time="0.020"/>
  <testcase classname="com.TestNG.Testng_Basics" name="test_01" time="0.005"/>
</testsuite> <!-- com.TestNG.Testng_Basics -->
